INFO:root:'sections'
INFO:root:Problem with Assessment section for this offered_id:assessment.AssessmentOffered%3A5850169191d0d90bee1907b8%40ODL.MIT.EDU
INFO:root:No assessment data for this offered_id:assessment.AssessmentOffered%3A5850169191d0d90bee1907b8%40ODL.MIT.EDU in school:parthae
INFO:root:###############################################################################
INFO:root:'sections'
INFO:root:Problem with Assessment section for this offered_id:assessment.AssessmentOffered%3A5850169191d0d90bee1907b8%40ODL.MIT.EDU
INFO:root:No assessment data for this offered_id:assessment.AssessmentOffered%3A5850169191d0d90bee1907b8%40ODL.MIT.EDU in school:parthae
INFO:root:###############################################################################
INFO:root:'sections'
INFO:root:Problem with Assessment section for this offered_id:assessment.AssessmentOffered%3A5850169191d0d90bee1907b8%40ODL.MIT.EDU
INFO:root:No assessment data for this offered_id:assessment.AssessmentOffered%3A5850169191d0d90bee1907b8%40ODL.MIT.EDU in school:parthae
INFO:root:###############################################################################
INFO:root:'sections'
INFO:root:Problem with Assessment section for this offered_id:assessment.AssessmentOffered%3A5850169191d0d90bee1907b8%40ODL.MIT.EDU
INFO:root:No assessment data for this offered_id:assessment.AssessmentOffered%3A5850169191d0d90bee1907b8%40ODL.MIT.EDU in school:parthae
INFO:root:###############################################################################
INFO:root:'sections'
INFO:root:Problem with Assessment section for this offered_id:assessment.AssessmentOffered%3A5850169191d0d90bee1907b8%40ODL.MIT.EDU
INFO:root:No assessment data for this offered_id:assessment.AssessmentOffered%3A5850169191d0d90bee1907b8%40ODL.MIT.EDU in school:parthae
INFO:root:###############################################################################
INFO:root:'sections'
INFO:root:Problem with Assessment section for this offered_id:assessment.AssessmentOffered%3A5850169191d0d90bee1907b8%40ODL.MIT.EDU
INFO:root:No assessment data for this offered_id:assessment.AssessmentOffered%3A5850169191d0d90bee1907b8%40ODL.MIT.EDU in school:parthae
INFO:root:###############################################################################
INFO:root:'sections'
INFO:root:Problem with Assessment section for this offered_id:assessment.AssessmentOffered%3A5850169191d0d90bee1907b8%40ODL.MIT.EDU
INFO:root:No assessment data for this offered_id:assessment.AssessmentOffered%3A5850169191d0d90bee1907b8%40ODL.MIT.EDU in school:parthae
INFO:root:###############################################################################
INFO:root:'sections'
INFO:root:Problem with Assessment section for this offered_id:assessment.AssessmentOffered%3A5850169191d0d90bee1907b8%40ODL.MIT.EDU
INFO:root:No assessment data for this offered_id:assessment.AssessmentOffered%3A5850169191d0d90bee1907b8%40ODL.MIT.EDU in school:parthae
INFO:root:###############################################################################
INFO:root:'sections'
INFO:root:Problem with Assessment section for this offered_id:assessment.AssessmentOffered%3A5850169191d0d90bee1907b8%40ODL.MIT.EDU
INFO:root:No assessment data for this offered_id:assessment.AssessmentOffered%3A5850169191d0d90bee1907b8%40ODL.MIT.EDU in school:parthae
INFO:root:###############################################################################
INFO:root:'sections'
INFO:root:Problem with Assessment section for this offered_id:assessment.AssessmentOffered%3A5850169191d0d90bee1907b8%40ODL.MIT.EDU
INFO:root:No assessment data for this offered_id:assessment.AssessmentOffered%3A5850169191d0d90bee1907b8%40ODL.MIT.EDU in school:parthae
INFO:root:###############################################################################
INFO:root:'sections'
INFO:root:Problem with Assessment section for this offered_id:assessment.AssessmentOffered%3A5850169191d0d90bee1907b8%40ODL.MIT.EDU
INFO:root:No assessment data for this offered_id:assessment.AssessmentOffered%3A5850169191d0d90bee1907b8%40ODL.MIT.EDU in school:parthae
INFO:root:###############################################################################
INFO:root:'sections'
INFO:root:Problem with Assessment section for this offered_id:assessment.AssessmentOffered%3A5850169191d0d90bee1907b8%40ODL.MIT.EDU
INFO:root:No assessment data for this offered_id:assessment.AssessmentOffered%3A5850169191d0d90bee1907b8%40ODL.MIT.EDU in school:parthae
INFO:root:###############################################################################
INFO:root:'sections'
INFO:root:Problem with Assessment section for this offered_id:assessment.AssessmentOffered%3A5850169191d0d90bee1907b8%40ODL.MIT.EDU
INFO:root:No assessment data for this offered_id:assessment.AssessmentOffered%3A5850169191d0d90bee1907b8%40ODL.MIT.EDU in school:parthae
INFO:root:###############################################################################
INFO:root:'sections'
INFO:root:Problem with Assessment section for this offered_id:assessment.AssessmentOffered%3A5850169191d0d90bee1907b8%40ODL.MIT.EDU
INFO:root:No assessment data for this offered_id:assessment.AssessmentOffered%3A5850169191d0d90bee1907b8%40ODL.MIT.EDU in school:parthae
INFO:root:###############################################################################
INFO:root:'sections'
INFO:root:Problem with Assessment section for this offered_id:assessment.AssessmentOffered%3A5850169191d0d90bee1907b8%40ODL.MIT.EDU
INFO:root:No assessment data for this offered_id:assessment.AssessmentOffered%3A5850169191d0d90bee1907b8%40ODL.MIT.EDU in school:parthae
INFO:root:###############################################################################
INFO:root:'sections'
INFO:root:Problem with Assessment section for this offered_id:assessment.AssessmentOffered%3A5850169191d0d90bee1907b8%40ODL.MIT.EDU
INFO:root:No assessment data for this offered_id:assessment.AssessmentOffered%3A5850169191d0d90bee1907b8%40ODL.MIT.EDU in school:parthae
INFO:root:###############################################################################
INFO:root:'sections'
INFO:root:Problem with Assessment section for this offered_id:assessment.AssessmentOffered%3A5850169191d0d90bee1907b8%40ODL.MIT.EDU
INFO:root:No assessment data for this offered_id:assessment.AssessmentOffered%3A5850169191d0d90bee1907b8%40ODL.MIT.EDU in school:parthae
INFO:root:###############################################################################
INFO:root:'sections'
INFO:root:Problem with Assessment section for this offered_id:assessment.AssessmentOffered%3A5850169191d0d90bee1907b8%40ODL.MIT.EDU
INFO:root:No assessment data for this offered_id:assessment.AssessmentOffered%3A5850169191d0d90bee1907b8%40ODL.MIT.EDU in school:parthae
INFO:root:###############################################################################
INFO:root:'sections'
INFO:root:Problem with Assessment section for this offered_id:assessment.AssessmentOffered%3A5850169191d0d90bee1907b8%40ODL.MIT.EDU
INFO:root:No assessment data for this offered_id:assessment.AssessmentOffered%3A5850169191d0d90bee1907b8%40ODL.MIT.EDU in school:parthae
INFO:root:###############################################################################
INFO:root:'sections'
INFO:root:Problem with Assessment section for this offered_id:assessment.AssessmentOffered%3A5850169191d0d90bee1907b8%40ODL.MIT.EDU
INFO:root:No assessment data for this offered_id:assessment.AssessmentOffered%3A5850169191d0d90bee1907b8%40ODL.MIT.EDU in school:parthae
INFO:root:###############################################################################
INFO:root:'sections'
INFO:root:Problem with Assessment section for this offered_id:assessment.AssessmentOffered%3A5850169191d0d90bee1907b8%40ODL.MIT.EDU
INFO:root:No assessment data for this offered_id:assessment.AssessmentOffered%3A5850169191d0d90bee1907b8%40ODL.MIT.EDU in school:parthae
INFO:root:###############################################################################
INFO:root:'sections'
INFO:root:Problem with Assessment section for this offered_id:assessment.AssessmentOffered%3A5850169191d0d90bee1907b8%40ODL.MIT.EDU
INFO:root:No assessment data for this offered_id:assessment.AssessmentOffered%3A5850169191d0d90bee1907b8%40ODL.MIT.EDU in school:parthae
INFO:root:###############################################################################
INFO:root:'sections'
INFO:root:Problem with Assessment section for this offered_id:assessment.AssessmentOffered%3A5850169191d0d90bee1907b8%40ODL.MIT.EDU
INFO:root:No assessment data for this offered_id:assessment.AssessmentOffered%3A5850169191d0d90bee1907b8%40ODL.MIT.EDU in school:parthae
INFO:root:###############################################################################
INFO:root:'sections'
INFO:root:Problem with Assessment section for this offered_id:assessment.AssessmentOffered%3A5850169191d0d90bee1907b8%40ODL.MIT.EDU
INFO:root:No assessment data for this offered_id:assessment.AssessmentOffered%3A5850169191d0d90bee1907b8%40ODL.MIT.EDU in school:parthae
INFO:root:###############################################################################
INFO:root:'sections'
INFO:root:Problem with Assessment section for this offered_id:assessment.AssessmentOffered%3A5850169191d0d90bee1907b8%40ODL.MIT.EDU
INFO:root:No assessment data for this offered_id:assessment.AssessmentOffered%3A5850169191d0d90bee1907b8%40ODL.MIT.EDU in school:parthae
INFO:root:###############################################################################
INFO:root:'sections'
INFO:root:Problem with Assessment section for this offered_id:assessment.AssessmentOffered%3A5850169191d0d90bee1907b8%40ODL.MIT.EDU
INFO:root:No assessment data for this offered_id:assessment.AssessmentOffered%3A5850169191d0d90bee1907b8%40ODL.MIT.EDU in school:parthae
INFO:root:###############################################################################
INFO:root:'sections'
INFO:root:Problem with Assessment section for this offered_id:assessment.AssessmentOffered%3A5850169191d0d90bee1907b8%40ODL.MIT.EDU
INFO:root:No assessment data for this offered_id:assessment.AssessmentOffered%3A5850169191d0d90bee1907b8%40ODL.MIT.EDU in school:parthae
INFO:root:###############################################################################
INFO:root:'sections'
INFO:root:Problem with Assessment section for this offered_id:assessment.AssessmentOffered%3A5850169191d0d90bee1907b8%40ODL.MIT.EDU
INFO:root:No assessment data for this offered_id:assessment.AssessmentOffered%3A5850169191d0d90bee1907b8%40ODL.MIT.EDU in school:parthae
INFO:root:###############################################################################
INFO:root:'sections'
INFO:root:Problem with Assessment section for this offered_id:assessment.AssessmentOffered%3A5850169191d0d90bee1907b8%40ODL.MIT.EDU
INFO:root:No assessment data for this offered_id:assessment.AssessmentOffered%3A5850169191d0d90bee1907b8%40ODL.MIT.EDU in school:parthae
INFO:root:###############################################################################
INFO:root:'sections'
INFO:root:Problem with Assessment section for this offered_id:assessment.AssessmentOffered%3A5850169191d0d90bee1907b8%40ODL.MIT.EDU
INFO:root:No assessment data for this offered_id:assessment.AssessmentOffered%3A5850169191d0d90bee1907b8%40ODL.MIT.EDU in school:parthae
INFO:root:###############################################################################
INFO:root:'sections'
INFO:root:Problem with Assessment section for this offered_id:assessment.AssessmentOffered%3A5850169191d0d90bee1907b8%40ODL.MIT.EDU
INFO:root:No assessment data for this offered_id:assessment.AssessmentOffered%3A5850169191d0d90bee1907b8%40ODL.MIT.EDU in school:parthae
INFO:root:###############################################################################
INFO:root:'sections'
INFO:root:Problem with Assessment section for this offered_id:assessment.AssessmentOffered%3A5850169191d0d90bee1907b8%40ODL.MIT.EDU
INFO:root:No assessment data for this offered_id:assessment.AssessmentOffered%3A5850169191d0d90bee1907b8%40ODL.MIT.EDU in school:parthae
INFO:root:###############################################################################
INFO:root:'sections'
INFO:root:Problem with Assessment section for this offered_id:assessment.AssessmentOffered%3A5850169191d0d90bee1907b8%40ODL.MIT.EDU
INFO:root:No assessment data for this offered_id:assessment.AssessmentOffered%3A5850169191d0d90bee1907b8%40ODL.MIT.EDU in school:parthae
INFO:root:###############################################################################
INFO:root:'sections'
INFO:root:Problem with Assessment section for this offered_id:assessment.AssessmentOffered%3A5850169191d0d90bee1907b8%40ODL.MIT.EDU
INFO:root:No assessment data for this offered_id:assessment.AssessmentOffered%3A5850169191d0d90bee1907b8%40ODL.MIT.EDU in school:parthae
INFO:root:###############################################################################
INFO:root:'sections'
INFO:root:Problem with Assessment section for this offered_id:assessment.AssessmentOffered%3A5850169191d0d90bee1907b8%40ODL.MIT.EDU
INFO:root:No assessment data for this offered_id:assessment.AssessmentOffered%3A5850169191d0d90bee1907b8%40ODL.MIT.EDU in school:parthae
INFO:root:###############################################################################
INFO:root:'sections'
INFO:root:Problem with Assessment section for this offered_id:assessment.AssessmentOffered%3A5850169191d0d90bee1907b8%40ODL.MIT.EDU
INFO:root:No assessment data for this offered_id:assessment.AssessmentOffered%3A5850169191d0d90bee1907b8%40ODL.MIT.EDU in school:parthae
INFO:root:###############################################################################
INFO:root:'sections'
INFO:root:Problem with Assessment section for this offered_id:assessment.AssessmentOffered%3A5850169191d0d90bee1907b8%40ODL.MIT.EDU
INFO:root:No assessment data for this offered_id:assessment.AssessmentOffered%3A5850169191d0d90bee1907b8%40ODL.MIT.EDU in school:parthae
INFO:root:###############################################################################
INFO:root:'sections'
INFO:root:Problem with Assessment section for this offered_id:assessment.AssessmentOffered%3A5850169191d0d90bee1907b8%40ODL.MIT.EDU
INFO:root:No assessment data for this offered_id:assessment.AssessmentOffered%3A5850169191d0d90bee1907b8%40ODL.MIT.EDU in school:parthae
INFO:root:###############################################################################
INFO:root:'sections'
INFO:root:Problem with Assessment section for this offered_id:assessment.AssessmentOffered%3A5850169191d0d90bee1907b8%40ODL.MIT.EDU
INFO:root:No assessment data for this offered_id:assessment.AssessmentOffered%3A5850169191d0d90bee1907b8%40ODL.MIT.EDU in school:parthae
INFO:root:###############################################################################
INFO:root:'sections'
INFO:root:Problem with Assessment section for this offered_id:assessment.AssessmentOffered%3A5850169191d0d90bee1907b8%40ODL.MIT.EDU
INFO:root:No assessment data for this offered_id:assessment.AssessmentOffered%3A5850169191d0d90bee1907b8%40ODL.MIT.EDU in school:parthae
INFO:root:###############################################################################
INFO:root:'sections'
INFO:root:Problem with Assessment section for this offered_id:assessment.AssessmentOffered%3A5850169191d0d90bee1907b8%40ODL.MIT.EDU
INFO:root:No assessment data for this offered_id:assessment.AssessmentOffered%3A5850169191d0d90bee1907b8%40ODL.MIT.EDU in school:parthae
INFO:root:###############################################################################
INFO:root:'sections'
INFO:root:Problem with Assessment section for this offered_id:assessment.AssessmentOffered%3A5850169191d0d90bee1907b8%40ODL.MIT.EDU
INFO:root:No assessment data for this offered_id:assessment.AssessmentOffered%3A5850169191d0d90bee1907b8%40ODL.MIT.EDU in school:parthae
INFO:root:###############################################################################
INFO:root:'sections'
INFO:root:Problem with Assessment section for this offered_id:assessment.AssessmentOffered%3A5850169191d0d90bee1907b8%40ODL.MIT.EDU
INFO:root:No assessment data for this offered_id:assessment.AssessmentOffered%3A5850169191d0d90bee1907b8%40ODL.MIT.EDU in school:parthae
INFO:root:###############################################################################
INFO:root:'sections'
INFO:root:Problem with Assessment section for this offered_id:assessment.AssessmentOffered%3A5850169191d0d90bee1907b8%40ODL.MIT.EDU
INFO:root:No assessment data for this offered_id:assessment.AssessmentOffered%3A5850169191d0d90bee1907b8%40ODL.MIT.EDU in school:parthae
INFO:root:###############################################################################
INFO:root:'sections'
INFO:root:Problem with Assessment section for this offered_id:assessment.AssessmentOffered%3A5850169191d0d90bee1907b8%40ODL.MIT.EDU
INFO:root:No assessment data for this offered_id:assessment.AssessmentOffered%3A5850169191d0d90bee1907b8%40ODL.MIT.EDU in school:parthae
INFO:root:###############################################################################
INFO:root:'sections'
INFO:root:Problem with Assessment section for this offered_id:assessment.AssessmentOffered%3A5850169191d0d90bee1907b8%40ODL.MIT.EDU
INFO:root:No assessment data for this offered_id:assessment.AssessmentOffered%3A5850169191d0d90bee1907b8%40ODL.MIT.EDU in school:parthae
INFO:root:###############################################################################
INFO:root:'sections'
INFO:root:Problem with Assessment section for this offered_id:assessment.AssessmentOffered%3A5850169191d0d90bee1907b8%40ODL.MIT.EDU
INFO:root:No assessment data for this offered_id:assessment.AssessmentOffered%3A5850169191d0d90bee1907b8%40ODL.MIT.EDU in school:02031011-mz11_db
INFO:root:###############################################################################
INFO:root:'sections'
INFO:root:Problem with Assessment section for this offered_id:assessment.AssessmentOffered%3A5850169191d0d90bee1907b8%40ODL.MIT.EDU
INFO:root:No assessment data for this offered_id:assessment.AssessmentOffered%3A5850169191d0d90bee1907b8%40ODL.MIT.EDU in school:02031011-mz11_db
INFO:root:###############################################################################
INFO:root:'sections'
INFO:root:Problem with Assessment section for this offered_id:assessment.AssessmentOffered%3A5850169191d0d90bee1907b8%40ODL.MIT.EDU
INFO:root:No assessment data for this offered_id:assessment.AssessmentOffered%3A5850169191d0d90bee1907b8%40ODL.MIT.EDU in school:02031010-mz10_db
INFO:root:###############################################################################
INFO:root:'sections'
INFO:root:Problem with Assessment section for this offered_id:assessment.AssessmentOffered%3A5850169191d0d90bee1907b8%40ODL.MIT.EDU
INFO:root:No assessment data for this offered_id:assessment.AssessmentOffered%3A5850169191d0d90bee1907b8%40ODL.MIT.EDU in school:02031010-mz10_db
INFO:root:###############################################################################
INFO:root:'sections'
INFO:root:Problem with Assessment section for this offered_id:assessment.AssessmentOffered%3A5850169191d0d90bee1907b8%40ODL.MIT.EDU
INFO:root:No assessment data for this offered_id:assessment.AssessmentOffered%3A5850169191d0d90bee1907b8%40ODL.MIT.EDU in school:02031010-mz10_db
INFO:root:###############################################################################
INFO:root:'sections'
INFO:root:Problem with Assessment section for this offered_id:assessment.AssessmentOffered%3A5850169191d0d90bee1907b8%40ODL.MIT.EDU
INFO:root:No assessment data for this offered_id:assessment.AssessmentOffered%3A5850169191d0d90bee1907b8%40ODL.MIT.EDU in school:02031010-mz10_db
INFO:root:###############################################################################
INFO:root:'sections'
INFO:root:Problem with Assessment section for this offered_id:assessment.AssessmentOffered%3A5850169191d0d90bee1907b8%40ODL.MIT.EDU
INFO:root:No assessment data for this offered_id:assessment.AssessmentOffered%3A5850169191d0d90bee1907b8%40ODL.MIT.EDU in school:02031010-mz10_db
INFO:root:###############################################################################
INFO:root:'sections'
INFO:root:Problem with Assessment section for this offered_id:assessment.AssessmentOffered%3A5850169191d0d90bee1907b8%40ODL.MIT.EDU
INFO:root:No assessment data for this offered_id:assessment.AssessmentOffered%3A5850169191d0d90bee1907b8%40ODL.MIT.EDU in school:02031010-mz10_db
INFO:root:###############################################################################
INFO:root:'sections'
INFO:root:Problem with Assessment section for this offered_id:assessment.AssessmentOffered%3A5850169191d0d90bee1907b8%40ODL.MIT.EDU
INFO:root:No assessment data for this offered_id:assessment.AssessmentOffered%3A5850169191d0d90bee1907b8%40ODL.MIT.EDU in school:02031010-mz10_db
INFO:root:###############################################################################
INFO:root:'sections'
INFO:root:Problem with Assessment section for this offered_id:assessment.AssessmentOffered%3A5850169191d0d90bee1907b8%40ODL.MIT.EDU
INFO:root:No assessment data for this offered_id:assessment.AssessmentOffered%3A5850169191d0d90bee1907b8%40ODL.MIT.EDU in school:02031010-mz10_db
INFO:root:###############################################################################
INFO:root:'sections'
INFO:root:Problem with Assessment section for this offered_id:assessment.AssessmentOffered%3A5850169191d0d90bee1907b8%40ODL.MIT.EDU
INFO:root:No assessment data for this offered_id:assessment.AssessmentOffered%3A5850169191d0d90bee1907b8%40ODL.MIT.EDU in school:02031010-mz10_db
INFO:root:###############################################################################
INFO:root:'sections'
INFO:root:Problem with Assessment section for this offered_id:assessment.AssessmentOffered%3A5850169191d0d90bee1907b8%40ODL.MIT.EDU
INFO:root:No assessment data for this offered_id:assessment.AssessmentOffered%3A5850169191d0d90bee1907b8%40ODL.MIT.EDU in school:02031010-mz10_db
INFO:root:###############################################################################
INFO:root:'sections'
INFO:root:Problem with Assessment section for this offered_id:assessment.AssessmentOffered%3A5850169191d0d90bee1907b8%40ODL.MIT.EDU
INFO:root:No assessment data for this offered_id:assessment.AssessmentOffered%3A5850169191d0d90bee1907b8%40ODL.MIT.EDU in school:02031010-mz10_db
INFO:root:###############################################################################
INFO:root:'sections'
INFO:root:Problem with Assessment section for this offered_id:assessment.AssessmentOffered%3A5850169191d0d90bee1907b8%40ODL.MIT.EDU
INFO:root:No assessment data for this offered_id:assessment.AssessmentOffered%3A5850169191d0d90bee1907b8%40ODL.MIT.EDU in school:02031010-mz10_db
INFO:root:###############################################################################
INFO:root:'sections'
INFO:root:Problem with Assessment section for this offered_id:assessment.AssessmentOffered%3A5850169191d0d90bee1907b8%40ODL.MIT.EDU
INFO:root:No assessment data for this offered_id:assessment.AssessmentOffered%3A5850169191d0d90bee1907b8%40ODL.MIT.EDU in school:02031010-mz10_db
INFO:root:###############################################################################
INFO:root:'sections'
INFO:root:Problem with Assessment section for this offered_id:assessment.AssessmentOffered%3A5850169191d0d90bee1907b8%40ODL.MIT.EDU
INFO:root:No assessment data for this offered_id:assessment.AssessmentOffered%3A5850169191d0d90bee1907b8%40ODL.MIT.EDU in school:02031010-mz10_db
INFO:root:###############################################################################
INFO:root:'sections'
INFO:root:Problem with Assessment section for this offered_id:assessment.AssessmentOffered%3A5850169191d0d90bee1907b8%40ODL.MIT.EDU
INFO:root:No assessment data for this offered_id:assessment.AssessmentOffered%3A5850169191d0d90bee1907b8%40ODL.MIT.EDU in school:02031010-mz10_db
INFO:root:###############################################################################
INFO:root:'sections'
INFO:root:Problem with Assessment section for this offered_id:assessment.AssessmentOffered%3A5850169191d0d90bee1907b8%40ODL.MIT.EDU
INFO:root:No assessment data for this offered_id:assessment.AssessmentOffered%3A5850169191d0d90bee1907b8%40ODL.MIT.EDU in school:02031010-mz10_db
INFO:root:###############################################################################
INFO:root:'sections'
INFO:root:Problem with Assessment section for this offered_id:assessment.AssessmentOffered%3A5850169191d0d90bee1907b8%40ODL.MIT.EDU
INFO:root:No assessment data for this offered_id:assessment.AssessmentOffered%3A5850169191d0d90bee1907b8%40ODL.MIT.EDU in school:02031010-mz10_db
INFO:root:###############################################################################
INFO:root:'sections'
INFO:root:Problem with Assessment section for this offered_id:assessment.AssessmentOffered%3A5850169191d0d90bee1907b8%40ODL.MIT.EDU
INFO:root:No assessment data for this offered_id:assessment.AssessmentOffered%3A5850169191d0d90bee1907b8%40ODL.MIT.EDU in school:02031010-mz10_db
INFO:root:###############################################################################
INFO:root:'sections'
INFO:root:Problem with Assessment section for this offered_id:assessment.AssessmentOffered%3A5850169191d0d90bee1907b8%40ODL.MIT.EDU
INFO:root:No assessment data for this offered_id:assessment.AssessmentOffered%3A5850169191d0d90bee1907b8%40ODL.MIT.EDU in school:02031010-mz10_db
INFO:root:###############################################################################
INFO:root:'sections'
INFO:root:Problem with Assessment section for this offered_id:assessment.AssessmentOffered%3A5850169191d0d90bee1907b8%40ODL.MIT.EDU
INFO:root:No assessment data for this offered_id:assessment.AssessmentOffered%3A5850169191d0d90bee1907b8%40ODL.MIT.EDU in school:02031010-mz10_db
INFO:root:###############################################################################
INFO:root:'sections'
INFO:root:Problem with Assessment section for this offered_id:assessment.AssessmentOffered%3A5850169191d0d90bee1907b8%40ODL.MIT.EDU
INFO:root:No assessment data for this offered_id:assessment.AssessmentOffered%3A5850169191d0d90bee1907b8%40ODL.MIT.EDU in school:02031004-mz4_db
INFO:root:###############################################################################
INFO:root:'sections'
INFO:root:Problem with Assessment section for this offered_id:assessment.AssessmentOffered%3A5850169191d0d90bee1907b8%40ODL.MIT.EDU
INFO:root:No assessment data for this offered_id:assessment.AssessmentOffered%3A5850169191d0d90bee1907b8%40ODL.MIT.EDU in school:02031005-mz5_db
INFO:root:###############################################################################
INFO:root:'sections'
INFO:root:Problem with Assessment section for this offered_id:assessment.AssessmentOffered%3A5850169191d0d90bee1907b8%40ODL.MIT.EDU
INFO:root:No assessment data for this offered_id:assessment.AssessmentOffered%3A5850169191d0d90bee1907b8%40ODL.MIT.EDU in school:02031009-mz9_db
INFO:root:###############################################################################
INFO:root:'sections'
INFO:root:Problem with Assessment section for this offered_id:assessment.AssessmentOffered%3A5850169191d0d90bee1907b8%40ODL.MIT.EDU
INFO:root:No assessment data for this offered_id:assessment.AssessmentOffered%3A5850169191d0d90bee1907b8%40ODL.MIT.EDU in school:02031020-mz20_db
INFO:root:###############################################################################
INFO:root:'sections'
INFO:root:Problem with Assessment section for this offered_id:assessment.AssessmentOffered%3A5850169191d0d90bee1907b8%40ODL.MIT.EDU
INFO:root:No assessment data for this offered_id:assessment.AssessmentOffered%3A5850169191d0d90bee1907b8%40ODL.MIT.EDU in school:02031022-mz22_db
INFO:root:###############################################################################
INFO:root:'sections'
INFO:root:Problem with Assessment section for this offered_id:assessment.AssessmentOffered%3A5922c14f91d0d9752122e398%40ODL.MIT.EDU
INFO:root:No assessment data for this offered_id:assessment.AssessmentOffered%3A5922c14f91d0d9752122e398%40ODL.MIT.EDU in school:02031022-mz22_db
INFO:root:###############################################################################
INFO:root:'sections'
INFO:root:Problem with Assessment section for this offered_id:assessment.AssessmentOffered%3A591e867691d0d95595667cce%40ODL.MIT.EDU
INFO:root:No assessment data for this offered_id:assessment.AssessmentOffered%3A591e867691d0d95595667cce%40ODL.MIT.EDU in school:02031022-mz22_db
INFO:root:###############################################################################
INFO:root:'sections'
INFO:root:Problem with Assessment section for this offered_id:assessment.AssessmentOffered%3A5922c14f91d0d9752122e398%40ODL.MIT.EDU
INFO:root:No assessment data for this offered_id:assessment.AssessmentOffered%3A5922c14f91d0d9752122e398%40ODL.MIT.EDU in school:02031022-mz22_db
INFO:root:###############################################################################
INFO:root:'sections'
INFO:root:Problem with Assessment section for this offered_id:assessment.AssessmentOffered%3A591e867691d0d95595667cce%40ODL.MIT.EDU
INFO:root:No assessment data for this offered_id:assessment.AssessmentOffered%3A591e867691d0d95595667cce%40ODL.MIT.EDU in school:02031022-mz22_db
INFO:root:###############################################################################
INFO:root:'sections'
INFO:root:Problem with Assessment section for this offered_id:assessment.AssessmentOffered%3A5850169191d0d90bee1907b8%40ODL.MIT.EDU
INFO:root:No assessment data for this offered_id:assessment.AssessmentOffered%3A5850169191d0d90bee1907b8%40ODL.MIT.EDU in school:02031022-mz22_db
INFO:root:###############################################################################
INFO:root:'sections'
INFO:root:Problem with Assessment section for this offered_id:assessment.AssessmentOffered%3A5850169191d0d90bee1907b8%40ODL.MIT.EDU
INFO:root:No assessment data for this offered_id:assessment.AssessmentOffered%3A5850169191d0d90bee1907b8%40ODL.MIT.EDU in school:02031022-mz22_db
INFO:root:###############################################################################
INFO:root:'sections'
INFO:root:Problem with Assessment section for this offered_id:assessment.AssessmentOffered%3A5850169191d0d90bee1907b8%40ODL.MIT.EDU
INFO:root:No assessment data for this offered_id:assessment.AssessmentOffered%3A5850169191d0d90bee1907b8%40ODL.MIT.EDU in school:02031022-mz22_db
INFO:root:###############################################################################
INFO:root:'sections'
INFO:root:Problem with Assessment section for this offered_id:assessment.AssessmentOffered%3A5850169191d0d90bee1907b8%40ODL.MIT.EDU
INFO:root:No assessment data for this offered_id:assessment.AssessmentOffered%3A5850169191d0d90bee1907b8%40ODL.MIT.EDU in school:02031022-mz22_db
INFO:root:###############################################################################
INFO:root:'sections'
INFO:root:Problem with Assessment section for this offered_id:assessment.AssessmentOffered%3A5850169191d0d90bee1907b8%40ODL.MIT.EDU
INFO:root:No assessment data for this offered_id:assessment.AssessmentOffered%3A5850169191d0d90bee1907b8%40ODL.MIT.EDU in school:02031022-mz22_db
INFO:root:###############################################################################
INFO:root:'sections'
INFO:root:Problem with Assessment section for this offered_id:assessment.AssessmentOffered%3A5850169191d0d90bee1907b8%40ODL.MIT.EDU
INFO:root:No assessment data for this offered_id:assessment.AssessmentOffered%3A5850169191d0d90bee1907b8%40ODL.MIT.EDU in school:02031022-mz22_db
INFO:root:###############################################################################
INFO:root:'sections'
INFO:root:Problem with Assessment section for this offered_id:assessment.AssessmentOffered%3A5850169191d0d90bee1907b8%40ODL.MIT.EDU
INFO:root:No assessment data for this offered_id:assessment.AssessmentOffered%3A5850169191d0d90bee1907b8%40ODL.MIT.EDU in school:02031022-mz22_db
INFO:root:###############################################################################
INFO:root:'sections'
INFO:root:Problem with Assessment section for this offered_id:assessment.AssessmentOffered%3A5850169191d0d90bee1907b8%40ODL.MIT.EDU
INFO:root:No assessment data for this offered_id:assessment.AssessmentOffered%3A5850169191d0d90bee1907b8%40ODL.MIT.EDU in school:02031022-mz22_db
INFO:root:###############################################################################
INFO:root:'sections'
INFO:root:Problem with Assessment section for this offered_id:assessment.AssessmentOffered%3A5850169191d0d90bee1907b8%40ODL.MIT.EDU
INFO:root:No assessment data for this offered_id:assessment.AssessmentOffered%3A5850169191d0d90bee1907b8%40ODL.MIT.EDU in school:02031022-mz22_db
INFO:root:###############################################################################
INFO:root:'sections'
INFO:root:Problem with Assessment section for this offered_id:assessment.AssessmentOffered%3A5850169191d0d90bee1907b8%40ODL.MIT.EDU
INFO:root:No assessment data for this offered_id:assessment.AssessmentOffered%3A5850169191d0d90bee1907b8%40ODL.MIT.EDU in school:02031022-mz22_db
INFO:root:###############################################################################
INFO:root:'sections'
INFO:root:Problem with Assessment section for this offered_id:assessment.AssessmentOffered%3A5850169191d0d90bee1907b8%40ODL.MIT.EDU
INFO:root:No assessment data for this offered_id:assessment.AssessmentOffered%3A5850169191d0d90bee1907b8%40ODL.MIT.EDU in school:02031022-mz22_db
INFO:root:###############################################################################
INFO:root:'sections'
INFO:root:Problem with Assessment section for this offered_id:assessment.AssessmentOffered%3A5850169191d0d90bee1907b8%40ODL.MIT.EDU
INFO:root:No assessment data for this offered_id:assessment.AssessmentOffered%3A5850169191d0d90bee1907b8%40ODL.MIT.EDU in school:02031022-mz22_db
INFO:root:###############################################################################
INFO:root:'sections'
INFO:root:Problem with Assessment section for this offered_id:assessment.AssessmentOffered%3A5850169191d0d90bee1907b8%40ODL.MIT.EDU
INFO:root:No assessment data for this offered_id:assessment.AssessmentOffered%3A5850169191d0d90bee1907b8%40ODL.MIT.EDU in school:02031022-mz22_db
INFO:root:###############################################################################
INFO:root:'sections'
INFO:root:Problem with Assessment section for this offered_id:assessment.AssessmentOffered%3A5850169191d0d90bee1907b8%40ODL.MIT.EDU
INFO:root:No assessment data for this offered_id:assessment.AssessmentOffered%3A5850169191d0d90bee1907b8%40ODL.MIT.EDU in school:02031022-mz22_db
INFO:root:###############################################################################
INFO:root:'sections'
INFO:root:Problem with Assessment section for this offered_id:assessment.AssessmentOffered%3A5850169191d0d90bee1907b8%40ODL.MIT.EDU
INFO:root:No assessment data for this offered_id:assessment.AssessmentOffered%3A5850169191d0d90bee1907b8%40ODL.MIT.EDU in school:02031022-mz22_db
INFO:root:###############################################################################
INFO:root:'sections'
INFO:root:Problem with Assessment section for this offered_id:assessment.AssessmentOffered%3A5850169191d0d90bee1907b8%40ODL.MIT.EDU
INFO:root:No assessment data for this offered_id:assessment.AssessmentOffered%3A5850169191d0d90bee1907b8%40ODL.MIT.EDU in school:02031022-mz22_db
INFO:root:###############################################################################
INFO:root:'sections'
INFO:root:Problem with Assessment section for this offered_id:assessment.AssessmentOffered%3A5850169191d0d90bee1907b8%40ODL.MIT.EDU
INFO:root:No assessment data for this offered_id:assessment.AssessmentOffered%3A5850169191d0d90bee1907b8%40ODL.MIT.EDU in school:02031022-mz22_db
INFO:root:###############################################################################
INFO:root:'sections'
INFO:root:Problem with Assessment section for this offered_id:assessment.AssessmentOffered%3A5850169191d0d90bee1907b8%40ODL.MIT.EDU
INFO:root:No assessment data for this offered_id:assessment.AssessmentOffered%3A5850169191d0d90bee1907b8%40ODL.MIT.EDU in school:02031022-mz22_db
INFO:root:###############################################################################
INFO:root:'sections'
INFO:root:Problem with Assessment section for this offered_id:assessment.AssessmentOffered%3A5850169191d0d90bee1907b8%40ODL.MIT.EDU
INFO:root:No assessment data for this offered_id:assessment.AssessmentOffered%3A5850169191d0d90bee1907b8%40ODL.MIT.EDU in school:02031022-mz22_db
INFO:root:###############################################################################
INFO:root:'sections'
INFO:root:Problem with Assessment section for this offered_id:assessment.AssessmentOffered%3A5850169191d0d90bee1907b8%40ODL.MIT.EDU
INFO:root:No assessment data for this offered_id:assessment.AssessmentOffered%3A5850169191d0d90bee1907b8%40ODL.MIT.EDU in school:02031006-mz6_db
INFO:root:###############################################################################
INFO:root:'sections'
INFO:root:Problem with Assessment section for this offered_id:assessment.AssessmentOffered%3A5850169191d0d90bee1907b8%40ODL.MIT.EDU
INFO:root:No assessment data for this offered_id:assessment.AssessmentOffered%3A5850169191d0d90bee1907b8%40ODL.MIT.EDU in school:02031019-mz19_db
INFO:root:###############################################################################
INFO:root:'sections'
INFO:root:Problem with Assessment section for this offered_id:assessment.AssessmentOffered%3A5850169191d0d90bee1907b8%40ODL.MIT.EDU
INFO:root:No assessment data for this offered_id:assessment.AssessmentOffered%3A5850169191d0d90bee1907b8%40ODL.MIT.EDU in school:02031029-mz29_db
INFO:root:###############################################################################
INFO:root:'sections'
INFO:root:Problem with Assessment section for this offered_id:assessment.AssessmentOffered%3A5850169191d0d90bee1907b8%40ODL.MIT.EDU
INFO:root:No assessment data for this offered_id:assessment.AssessmentOffered%3A5850169191d0d90bee1907b8%40ODL.MIT.EDU in school:02031008-mz8_db
INFO:root:###############################################################################
INFO:root:'sections'
INFO:root:Problem with Assessment section for this offered_id:assessment.AssessmentOffered%3A5850169191d0d90bee1907b8%40ODL.MIT.EDU
INFO:root:No assessment data for this offered_id:assessment.AssessmentOffered%3A5850169191d0d90bee1907b8%40ODL.MIT.EDU in school:02031027-mz27_db
INFO:root:###############################################################################
INFO:root:'sections'
INFO:root:Problem with Assessment section for this offered_id:assessment.AssessmentOffered%3A5850169191d0d90bee1907b8%40ODL.MIT.EDU
INFO:root:No assessment data for this offered_id:assessment.AssessmentOffered%3A5850169191d0d90bee1907b8%40ODL.MIT.EDU in school:02031013-mz13_db
INFO:root:###############################################################################
INFO:root:'sections'
INFO:root:Problem with Assessment section for this offered_id:assessment.AssessmentOffered%3A5850169191d0d90bee1907b8%40ODL.MIT.EDU
INFO:root:No assessment data for this offered_id:assessment.AssessmentOffered%3A5850169191d0d90bee1907b8%40ODL.MIT.EDU in school:02031003-mz3_db
INFO:root:###############################################################################
INFO:root:'sections'
INFO:root:Problem with Assessment section for this offered_id:assessment.AssessmentOffered%3A5850169191d0d90bee1907b8%40ODL.MIT.EDU
INFO:root:No assessment data for this offered_id:assessment.AssessmentOffered%3A5850169191d0d90bee1907b8%40ODL.MIT.EDU in school:02031028-mz28_db
INFO:root:###############################################################################
INFO:root:'sections'
INFO:root:Problem with Assessment section for this offered_id:assessment.AssessmentOffered%3A5850169191d0d90bee1907b8%40ODL.MIT.EDU
INFO:root:No assessment data for this offered_id:assessment.AssessmentOffered%3A5850169191d0d90bee1907b8%40ODL.MIT.EDU in school:02031024-mz24_db
INFO:root:###############################################################################
INFO:root:'sections'
INFO:root:Problem with Assessment section for this offered_id:assessment.AssessmentOffered%3A5850169191d0d90bee1907b8%40ODL.MIT.EDU
INFO:root:No assessment data for this offered_id:assessment.AssessmentOffered%3A5850169191d0d90bee1907b8%40ODL.MIT.EDU in school:02031012-mz12_db
INFO:root:###############################################################################
INFO:root:'sections'
INFO:root:Problem with Assessment section for this offered_id:assessment.AssessmentOffered%3A5850169191d0d90bee1907b8%40ODL.MIT.EDU
INFO:root:No assessment data for this offered_id:assessment.AssessmentOffered%3A5850169191d0d90bee1907b8%40ODL.MIT.EDU in school:02031012-mz12_db
INFO:root:###############################################################################
INFO:root:'sections'
INFO:root:Problem with Assessment section for this offered_id:assessment.AssessmentOffered%3A5850169191d0d90bee1907b8%40ODL.MIT.EDU
INFO:root:No assessment data for this offered_id:assessment.AssessmentOffered%3A5850169191d0d90bee1907b8%40ODL.MIT.EDU in school:02031012-mz12_db
INFO:root:###############################################################################
INFO:root:'sections'
INFO:root:Problem with Assessment section for this offered_id:assessment.AssessmentOffered%3A5850169191d0d90bee1907b8%40ODL.MIT.EDU
INFO:root:No assessment data for this offered_id:assessment.AssessmentOffered%3A5850169191d0d90bee1907b8%40ODL.MIT.EDU in school:02031012-mz12_db
INFO:root:###############################################################################
INFO:root:'sections'
INFO:root:Problem with Assessment section for this offered_id:assessment.AssessmentOffered%3A5850169191d0d90bee1907b8%40ODL.MIT.EDU
INFO:root:No assessment data for this offered_id:assessment.AssessmentOffered%3A5850169191d0d90bee1907b8%40ODL.MIT.EDU in school:02031012-mz12_db
INFO:root:###############################################################################
INFO:root:'sections'
INFO:root:Problem with Assessment section for this offered_id:assessment.AssessmentOffered%3A5850169191d0d90bee1907b8%40ODL.MIT.EDU
INFO:root:No assessment data for this offered_id:assessment.AssessmentOffered%3A5850169191d0d90bee1907b8%40ODL.MIT.EDU in school:02031012-mz12_db
INFO:root:###############################################################################
INFO:root:'sections'
INFO:root:Problem with Assessment section for this offered_id:assessment.AssessmentOffered%3A5850169191d0d90bee1907b8%40ODL.MIT.EDU
INFO:root:No assessment data for this offered_id:assessment.AssessmentOffered%3A5850169191d0d90bee1907b8%40ODL.MIT.EDU in school:02031012-mz12_db
INFO:root:###############################################################################
INFO:root:'sections'
INFO:root:Problem with Assessment section for this offered_id:assessment.AssessmentOffered%3A5850169191d0d90bee1907b8%40ODL.MIT.EDU
INFO:root:No assessment data for this offered_id:assessment.AssessmentOffered%3A5850169191d0d90bee1907b8%40ODL.MIT.EDU in school:02031012-mz12_db
INFO:root:###############################################################################
INFO:root:'sections'
INFO:root:Problem with Assessment section for this offered_id:assessment.AssessmentOffered%3A5850169191d0d90bee1907b8%40ODL.MIT.EDU
INFO:root:No assessment data for this offered_id:assessment.AssessmentOffered%3A5850169191d0d90bee1907b8%40ODL.MIT.EDU in school:02031012-mz12_db
INFO:root:###############################################################################
INFO:root:'sections'
INFO:root:Problem with Assessment section for this offered_id:assessment.AssessmentOffered%3A5850169191d0d90bee1907b8%40ODL.MIT.EDU
INFO:root:No assessment data for this offered_id:assessment.AssessmentOffered%3A5850169191d0d90bee1907b8%40ODL.MIT.EDU in school:02031012-mz12_db
INFO:root:###############################################################################
INFO:root:'sections'
INFO:root:Problem with Assessment section for this offered_id:assessment.AssessmentOffered%3A5850169191d0d90bee1907b8%40ODL.MIT.EDU
INFO:root:No assessment data for this offered_id:assessment.AssessmentOffered%3A5850169191d0d90bee1907b8%40ODL.MIT.EDU in school:02031012-mz12_db
INFO:root:###############################################################################
INFO:root:'sections'
INFO:root:Problem with Assessment section for this offered_id:assessment.AssessmentOffered%3A5850169191d0d90bee1907b8%40ODL.MIT.EDU
INFO:root:No assessment data for this offered_id:assessment.AssessmentOffered%3A5850169191d0d90bee1907b8%40ODL.MIT.EDU in school:02031012-mz12_db
INFO:root:###############################################################################
INFO:root:'sections'
INFO:root:Problem with Assessment section for this offered_id:assessment.AssessmentOffered%3A5850169191d0d90bee1907b8%40ODL.MIT.EDU
INFO:root:No assessment data for this offered_id:assessment.AssessmentOffered%3A5850169191d0d90bee1907b8%40ODL.MIT.EDU in school:02031025-mz25_db
INFO:root:###############################################################################
INFO:root:'sections'
INFO:root:Problem with Assessment section for this offered_id:assessment.AssessmentOffered%3A5850169191d0d90bee1907b8%40ODL.MIT.EDU
INFO:root:No assessment data for this offered_id:assessment.AssessmentOffered%3A5850169191d0d90bee1907b8%40ODL.MIT.EDU in school:02031025-mz25_db
INFO:root:###############################################################################
INFO:root:'sections'
INFO:root:Problem with Assessment section for this offered_id:assessment.AssessmentOffered%3A5850169191d0d90bee1907b8%40ODL.MIT.EDU
INFO:root:No assessment data for this offered_id:assessment.AssessmentOffered%3A5850169191d0d90bee1907b8%40ODL.MIT.EDU in school:02031025-mz25_db
INFO:root:###############################################################################
INFO:root:'sections'
INFO:root:Problem with Assessment section for this offered_id:assessment.AssessmentOffered%3A5850169191d0d90bee1907b8%40ODL.MIT.EDU
INFO:root:No assessment data for this offered_id:assessment.AssessmentOffered%3A5850169191d0d90bee1907b8%40ODL.MIT.EDU in school:02031025-mz25_db
INFO:root:###############################################################################
INFO:root:'sections'
INFO:root:Problem with Assessment section for this offered_id:assessment.AssessmentOffered%3A5850169191d0d90bee1907b8%40ODL.MIT.EDU
INFO:root:No assessment data for this offered_id:assessment.AssessmentOffered%3A5850169191d0d90bee1907b8%40ODL.MIT.EDU in school:02031025-mz25_db
INFO:root:###############################################################################
INFO:root:'sections'
INFO:root:Problem with Assessment section for this offered_id:assessment.AssessmentOffered%3A5850169191d0d90bee1907b8%40ODL.MIT.EDU
INFO:root:No assessment data for this offered_id:assessment.AssessmentOffered%3A5850169191d0d90bee1907b8%40ODL.MIT.EDU in school:02031025-mz25_db
INFO:root:###############################################################################
INFO:root:'sections'
INFO:root:Problem with Assessment section for this offered_id:assessment.AssessmentOffered%3A5850169191d0d90bee1907b8%40ODL.MIT.EDU
INFO:root:No assessment data for this offered_id:assessment.AssessmentOffered%3A5850169191d0d90bee1907b8%40ODL.MIT.EDU in school:02031025-mz25_db
INFO:root:###############################################################################
INFO:root:'sections'
INFO:root:Problem with Assessment section for this offered_id:assessment.AssessmentOffered%3A5850169191d0d90bee1907b8%40ODL.MIT.EDU
INFO:root:No assessment data for this offered_id:assessment.AssessmentOffered%3A5850169191d0d90bee1907b8%40ODL.MIT.EDU in school:02031025-mz25_db
INFO:root:###############################################################################
INFO:root:'sections'
INFO:root:Problem with Assessment section for this offered_id:assessment.AssessmentOffered%3A5850169191d0d90bee1907b8%40ODL.MIT.EDU
INFO:root:No assessment data for this offered_id:assessment.AssessmentOffered%3A5850169191d0d90bee1907b8%40ODL.MIT.EDU in school:02031025-mz25_db
INFO:root:###############################################################################
INFO:root:'sections'
INFO:root:Problem with Assessment section for this offered_id:assessment.AssessmentOffered%3A5850169191d0d90bee1907b8%40ODL.MIT.EDU
INFO:root:No assessment data for this offered_id:assessment.AssessmentOffered%3A5850169191d0d90bee1907b8%40ODL.MIT.EDU in school:02031025-mz25_db
INFO:root:###############################################################################
INFO:root:'sections'
INFO:root:Problem with Assessment section for this offered_id:assessment.AssessmentOffered%3A5850169191d0d90bee1907b8%40ODL.MIT.EDU
INFO:root:No assessment data for this offered_id:assessment.AssessmentOffered%3A5850169191d0d90bee1907b8%40ODL.MIT.EDU in school:02031025-mz25_db
INFO:root:###############################################################################
INFO:root:'sections'
INFO:root:Problem with Assessment section for this offered_id:assessment.AssessmentOffered%3A5850169191d0d90bee1907b8%40ODL.MIT.EDU
INFO:root:No assessment data for this offered_id:assessment.AssessmentOffered%3A5850169191d0d90bee1907b8%40ODL.MIT.EDU in school:02031025-mz25_db
INFO:root:###############################################################################
INFO:root:'sections'
INFO:root:Problem with Assessment section for this offered_id:assessment.AssessmentOffered%3A5850169191d0d90bee1907b8%40ODL.MIT.EDU
INFO:root:No assessment data for this offered_id:assessment.AssessmentOffered%3A5850169191d0d90bee1907b8%40ODL.MIT.EDU in school:02031025-mz25_db
INFO:root:###############################################################################
INFO:root:'sections'
INFO:root:Problem with Assessment section for this offered_id:assessment.AssessmentOffered%3A5850169191d0d90bee1907b8%40ODL.MIT.EDU
INFO:root:No assessment data for this offered_id:assessment.AssessmentOffered%3A5850169191d0d90bee1907b8%40ODL.MIT.EDU in school:02031025-mz25_db
INFO:root:###############################################################################
INFO:root:'sections'
INFO:root:Problem with Assessment section for this offered_id:assessment.AssessmentOffered%3A5850169191d0d90bee1907b8%40ODL.MIT.EDU
INFO:root:No assessment data for this offered_id:assessment.AssessmentOffered%3A5850169191d0d90bee1907b8%40ODL.MIT.EDU in school:02031025-mz25_db
INFO:root:###############################################################################
INFO:root:'sections'
INFO:root:Problem with Assessment section for this offered_id:assessment.AssessmentOffered%3A5850169191d0d90bee1907b8%40ODL.MIT.EDU
INFO:root:No assessment data for this offered_id:assessment.AssessmentOffered%3A5850169191d0d90bee1907b8%40ODL.MIT.EDU in school:02031025-mz25_db
INFO:root:###############################################################################
INFO:root:'sections'
INFO:root:Problem with Assessment section for this offered_id:assessment.AssessmentOffered%3A5850169191d0d90bee1907b8%40ODL.MIT.EDU
INFO:root:No assessment data for this offered_id:assessment.AssessmentOffered%3A5850169191d0d90bee1907b8%40ODL.MIT.EDU in school:02031025-mz25_db
INFO:root:###############################################################################
INFO:root:'sections'
INFO:root:Problem with Assessment section for this offered_id:assessment.AssessmentOffered%3A5850169191d0d90bee1907b8%40ODL.MIT.EDU
INFO:root:No assessment data for this offered_id:assessment.AssessmentOffered%3A5850169191d0d90bee1907b8%40ODL.MIT.EDU in school:02031025-mz25_db
INFO:root:###############################################################################
INFO:root:'sections'
INFO:root:Problem with Assessment section for this offered_id:assessment.AssessmentOffered%3A5850169191d0d90bee1907b8%40ODL.MIT.EDU
INFO:root:No assessment data for this offered_id:assessment.AssessmentOffered%3A5850169191d0d90bee1907b8%40ODL.MIT.EDU in school:02031025-mz25_db
INFO:root:###############################################################################
INFO:root:'sections'
INFO:root:Problem with Assessment section for this offered_id:assessment.AssessmentOffered%3A5850169191d0d90bee1907b8%40ODL.MIT.EDU
INFO:root:No assessment data for this offered_id:assessment.AssessmentOffered%3A5850169191d0d90bee1907b8%40ODL.MIT.EDU in school:02031025-mz25_db
INFO:root:###############################################################################
INFO:root:'sections'
INFO:root:Problem with Assessment section for this offered_id:assessment.AssessmentOffered%3A5850169191d0d90bee1907b8%40ODL.MIT.EDU
INFO:root:No assessment data for this offered_id:assessment.AssessmentOffered%3A5850169191d0d90bee1907b8%40ODL.MIT.EDU in school:02031025-mz25_db
INFO:root:###############################################################################
INFO:root:'sections'
INFO:root:Problem with Assessment section for this offered_id:assessment.AssessmentOffered%3A5850169191d0d90bee1907b8%40ODL.MIT.EDU
INFO:root:No assessment data for this offered_id:assessment.AssessmentOffered%3A5850169191d0d90bee1907b8%40ODL.MIT.EDU in school:02031025-mz25_db
INFO:root:###############################################################################
INFO:root:'sections'
INFO:root:Problem with Assessment section for this offered_id:assessment.AssessmentOffered%3A5850169191d0d90bee1907b8%40ODL.MIT.EDU
INFO:root:No assessment data for this offered_id:assessment.AssessmentOffered%3A5850169191d0d90bee1907b8%40ODL.MIT.EDU in school:02031014-mz14_db
INFO:root:###############################################################################
INFO:root:'sections'
INFO:root:Problem with Assessment section for this offered_id:assessment.AssessmentOffered%3A5850169191d0d90bee1907b8%40ODL.MIT.EDU
INFO:root:No assessment data for this offered_id:assessment.AssessmentOffered%3A5850169191d0d90bee1907b8%40ODL.MIT.EDU in school:02031030-mz30_db
INFO:root:###############################################################################
INFO:root:'sections'
INFO:root:Problem with Assessment section for this offered_id:assessment.AssessmentOffered%3A5850169191d0d90bee1907b8%40ODL.MIT.EDU
INFO:root:No assessment data for this offered_id:assessment.AssessmentOffered%3A5850169191d0d90bee1907b8%40ODL.MIT.EDU in school:02031021-mz21_db
INFO:root:###############################################################################
INFO:root:'sections'
INFO:root:Problem with Assessment section for this offered_id:assessment.AssessmentOffered%3A5850169191d0d90bee1907b8%40ODL.MIT.EDU
INFO:root:No assessment data for this offered_id:assessment.AssessmentOffered%3A5850169191d0d90bee1907b8%40ODL.MIT.EDU in school:02031002-mz2_db
INFO:root:###############################################################################
INFO:root:'sections'
INFO:root:Problem with Assessment section for this offered_id:assessment.AssessmentOffered%3A5850169191d0d90bee1907b8%40ODL.MIT.EDU
INFO:root:No assessment data for this offered_id:assessment.AssessmentOffered%3A5850169191d0d90bee1907b8%40ODL.MIT.EDU in school:02031002-mz2_db
INFO:root:###############################################################################
INFO:root:'sections'
INFO:root:Problem with Assessment section for this offered_id:assessment.AssessmentOffered%3A5850169191d0d90bee1907b8%40ODL.MIT.EDU
INFO:root:No assessment data for this offered_id:assessment.AssessmentOffered%3A5850169191d0d90bee1907b8%40ODL.MIT.EDU in school:02031002-mz2_db
INFO:root:###############################################################################
INFO:root:'sections'
INFO:root:Problem with Assessment section for this offered_id:assessment.AssessmentOffered%3A5850169191d0d90bee1907b8%40ODL.MIT.EDU
INFO:root:No assessment data for this offered_id:assessment.AssessmentOffered%3A5850169191d0d90bee1907b8%40ODL.MIT.EDU in school:02031002-mz2_db
INFO:root:###############################################################################
INFO:root:'sections'
INFO:root:Problem with Assessment section for this offered_id:assessment.AssessmentOffered%3A5850169191d0d90bee1907b8%40ODL.MIT.EDU
INFO:root:No assessment data for this offered_id:assessment.AssessmentOffered%3A5850169191d0d90bee1907b8%40ODL.MIT.EDU in school:02031002-mz2_db
INFO:root:###############################################################################
INFO:root:'sections'
INFO:root:Problem with Assessment section for this offered_id:assessment.AssessmentOffered%3A5850169191d0d90bee1907b8%40ODL.MIT.EDU
INFO:root:No assessment data for this offered_id:assessment.AssessmentOffered%3A5850169191d0d90bee1907b8%40ODL.MIT.EDU in school:02031002-mz2_db
INFO:root:###############################################################################
INFO:root:'sections'
INFO:root:Problem with Assessment section for this offered_id:assessment.AssessmentOffered%3A5850169191d0d90bee1907b8%40ODL.MIT.EDU
INFO:root:No assessment data for this offered_id:assessment.AssessmentOffered%3A5850169191d0d90bee1907b8%40ODL.MIT.EDU in school:02031002-mz2_db
INFO:root:###############################################################################
INFO:root:'sections'
INFO:root:Problem with Assessment section for this offered_id:assessment.AssessmentOffered%3A5850169191d0d90bee1907b8%40ODL.MIT.EDU
INFO:root:No assessment data for this offered_id:assessment.AssessmentOffered%3A5850169191d0d90bee1907b8%40ODL.MIT.EDU in school:02031002-mz2_db
INFO:root:###############################################################################
INFO:root:'sections'
INFO:root:Problem with Assessment section for this offered_id:assessment.AssessmentOffered%3A5850169191d0d90bee1907b8%40ODL.MIT.EDU
INFO:root:No assessment data for this offered_id:assessment.AssessmentOffered%3A5850169191d0d90bee1907b8%40ODL.MIT.EDU in school:02031002-mz2_db
INFO:root:###############################################################################
INFO:root:'sections'
INFO:root:Problem with Assessment section for this offered_id:assessment.AssessmentOffered%3A5850169191d0d90bee1907b8%40ODL.MIT.EDU
INFO:root:No assessment data for this offered_id:assessment.AssessmentOffered%3A5850169191d0d90bee1907b8%40ODL.MIT.EDU in school:02031002-mz2_db
INFO:root:###############################################################################
INFO:root:'sections'
INFO:root:Problem with Assessment section for this offered_id:assessment.AssessmentOffered%3A5850169191d0d90bee1907b8%40ODL.MIT.EDU
INFO:root:No assessment data for this offered_id:assessment.AssessmentOffered%3A5850169191d0d90bee1907b8%40ODL.MIT.EDU in school:02031002-mz2_db
INFO:root:###############################################################################
INFO:root:'sections'
INFO:root:Problem with Assessment section for this offered_id:assessment.AssessmentOffered%3A5850169191d0d90bee1907b8%40ODL.MIT.EDU
INFO:root:No assessment data for this offered_id:assessment.AssessmentOffered%3A5850169191d0d90bee1907b8%40ODL.MIT.EDU in school:02031002-mz2_db
INFO:root:###############################################################################
INFO:root:'sections'
INFO:root:Problem with Assessment section for this offered_id:assessment.AssessmentOffered%3A5850169191d0d90bee1907b8%40ODL.MIT.EDU
INFO:root:No assessment data for this offered_id:assessment.AssessmentOffered%3A5850169191d0d90bee1907b8%40ODL.MIT.EDU in school:02031002-mz2_db
INFO:root:###############################################################################
INFO:root:'sections'
INFO:root:Problem with Assessment section for this offered_id:assessment.AssessmentOffered%3A5850169191d0d90bee1907b8%40ODL.MIT.EDU
INFO:root:No assessment data for this offered_id:assessment.AssessmentOffered%3A5850169191d0d90bee1907b8%40ODL.MIT.EDU in school:02031002-mz2_db
INFO:root:###############################################################################
INFO:root:'sections'
INFO:root:Problem with Assessment section for this offered_id:assessment.AssessmentOffered%3A5850169191d0d90bee1907b8%40ODL.MIT.EDU
INFO:root:No assessment data for this offered_id:assessment.AssessmentOffered%3A5850169191d0d90bee1907b8%40ODL.MIT.EDU in school:02031002-mz2_db
INFO:root:###############################################################################
INFO:root:'sections'
INFO:root:Problem with Assessment section for this offered_id:assessment.AssessmentOffered%3A5850169191d0d90bee1907b8%40ODL.MIT.EDU
INFO:root:No assessment data for this offered_id:assessment.AssessmentOffered%3A5850169191d0d90bee1907b8%40ODL.MIT.EDU in school:02031002-mz2_db
INFO:root:###############################################################################
INFO:root:'sections'
INFO:root:Problem with Assessment section for this offered_id:assessment.AssessmentOffered%3A5850169191d0d90bee1907b8%40ODL.MIT.EDU
INFO:root:No assessment data for this offered_id:assessment.AssessmentOffered%3A5850169191d0d90bee1907b8%40ODL.MIT.EDU in school:02031002-mz2_db
INFO:root:###############################################################################
INFO:root:'sections'
INFO:root:Problem with Assessment section for this offered_id:assessment.AssessmentOffered%3A5850169191d0d90bee1907b8%40ODL.MIT.EDU
INFO:root:No assessment data for this offered_id:assessment.AssessmentOffered%3A5850169191d0d90bee1907b8%40ODL.MIT.EDU in school:02031002-mz2_db
INFO:root:###############################################################################
INFO:root:'sections'
INFO:root:Problem with Assessment section for this offered_id:assessment.AssessmentOffered%3A5850169191d0d90bee1907b8%40ODL.MIT.EDU
INFO:root:No assessment data for this offered_id:assessment.AssessmentOffered%3A5850169191d0d90bee1907b8%40ODL.MIT.EDU in school:02031002-mz2_db
INFO:root:###############################################################################
INFO:root:'sections'
INFO:root:Problem with Assessment section for this offered_id:assessment.AssessmentOffered%3A5850169191d0d90bee1907b8%40ODL.MIT.EDU
INFO:root:No assessment data for this offered_id:assessment.AssessmentOffered%3A5850169191d0d90bee1907b8%40ODL.MIT.EDU in school:02031002-mz2_db
INFO:root:###############################################################################
INFO:root:'sections'
INFO:root:Problem with Assessment section for this offered_id:assessment.AssessmentOffered%3A5850169191d0d90bee1907b8%40ODL.MIT.EDU
INFO:root:No assessment data for this offered_id:assessment.AssessmentOffered%3A5850169191d0d90bee1907b8%40ODL.MIT.EDU in school:02031002-mz2_db
INFO:root:###############################################################################
INFO:root:'sections'
INFO:root:Problem with Assessment section for this offered_id:assessment.AssessmentOffered%3A5850169191d0d90bee1907b8%40ODL.MIT.EDU
INFO:root:No assessment data for this offered_id:assessment.AssessmentOffered%3A5850169191d0d90bee1907b8%40ODL.MIT.EDU in school:02031002-mz2_db
INFO:root:###############################################################################
INFO:root:'sections'
INFO:root:Problem with Assessment section for this offered_id:assessment.AssessmentOffered%3A5850169191d0d90bee1907b8%40ODL.MIT.EDU
INFO:root:No assessment data for this offered_id:assessment.AssessmentOffered%3A5850169191d0d90bee1907b8%40ODL.MIT.EDU in school:02031002-mz2_db
INFO:root:###############################################################################
INFO:root:'sections'
INFO:root:Problem with Assessment section for this offered_id:assessment.AssessmentOffered%3A5850169191d0d90bee1907b8%40ODL.MIT.EDU
INFO:root:No assessment data for this offered_id:assessment.AssessmentOffered%3A5850169191d0d90bee1907b8%40ODL.MIT.EDU in school:02031002-mz2_db
INFO:root:###############################################################################
INFO:root:'sections'
INFO:root:Problem with Assessment section for this offered_id:assessment.AssessmentOffered%3A5850169191d0d90bee1907b8%40ODL.MIT.EDU
INFO:root:No assessment data for this offered_id:assessment.AssessmentOffered%3A5850169191d0d90bee1907b8%40ODL.MIT.EDU in school:02031002-mz2_db
INFO:root:###############################################################################
INFO:root:'sections'
INFO:root:Problem with Assessment section for this offered_id:assessment.AssessmentOffered%3A5850169191d0d90bee1907b8%40ODL.MIT.EDU
INFO:root:No assessment data for this offered_id:assessment.AssessmentOffered%3A5850169191d0d90bee1907b8%40ODL.MIT.EDU in school:02031002-mz2_db
INFO:root:###############################################################################
INFO:root:'sections'
INFO:root:Problem with Assessment section for this offered_id:assessment.AssessmentOffered%3A5850169191d0d90bee1907b8%40ODL.MIT.EDU
INFO:root:No assessment data for this offered_id:assessment.AssessmentOffered%3A5850169191d0d90bee1907b8%40ODL.MIT.EDU in school:02031002-mz2_db
INFO:root:###############################################################################
INFO:root:'sections'
INFO:root:Problem with Assessment section for this offered_id:assessment.AssessmentOffered%3A5850169191d0d90bee1907b8%40ODL.MIT.EDU
INFO:root:No assessment data for this offered_id:assessment.AssessmentOffered%3A5850169191d0d90bee1907b8%40ODL.MIT.EDU in school:02031002-mz2_db
INFO:root:###############################################################################
INFO:root:'sections'
INFO:root:Problem with Assessment section for this offered_id:assessment.AssessmentOffered%3A5850169191d0d90bee1907b8%40ODL.MIT.EDU
INFO:root:No assessment data for this offered_id:assessment.AssessmentOffered%3A5850169191d0d90bee1907b8%40ODL.MIT.EDU in school:02031002-mz2_db
INFO:root:###############################################################################
INFO:root:########################################################################
INFO:root:No entry in AssessmentTaken, Nobody seem to have taken the assessments in the school-patchdb
INFO:root:########################################################################
